<?xml version="1.0" encoding="UTF-8"?>
<testng-results ignored="0" total="1" passed="1" failed="0" skipped="0">
  <reporter-output>
  </reporter-output>
  <suite started-at="2022-03-24T11:13:17 IST" name="Default suite" finished-at="2022-03-24T11:13:56 IST" duration-ms="39082">
    <groups>
    </groups>
    <test started-at="2022-03-24T11:13:17 IST" name="Default test" finished-at="2022-03-24T11:13:56 IST" duration-ms="39082">
      <class name="com.springernature.Webpage_Pagination_Example">
        <test-method signature="Pagination_Example()[pri:0, instance:com.springernature.Webpage_Pagination_Example@402bba4f]" started-at="2022-03-24T11:13:17 IST" name="Pagination_Example" finished-at="2022-03-24T11:13:56 IST" duration-ms="39011" status="PASS">
          <reporter-output>
          </reporter-output>
        </test-method> <!-- Pagination_Example -->
      </class> <!-- com.springernature.Webpage_Pagination_Example -->
    </test> <!-- Default test -->
  </suite> <!-- Default suite -->
</testng-results>
